<?xml version="1.0" encoding="UTF-8"?>
<!-- Generated by org.testng.reporters.JUnitReportReporter -->
<testsuite hostname="Napster313" failures="0" tests="1" name="Testcases.JoinPrivilee" time="9.148" errors="0" timestamp="2025-04-08T19:59:36 GST" skipped="0">
  <testcase classname="Testcases.JoinPrivilee" name="joinprivileeTest" time="9.148"/>
</testsuite> <!-- Testcases.JoinPrivilee -->
