<?xml version="1.0" encoding="UTF-8"?>
<!-- Generated by org.testng.reporters.JUnitReportReporter -->
<testsuite hostname="Napster313" failures="0" tests="1" name="Testcases.MyFirstTestFW" time="6.137" errors="0" timestamp="2024-12-22T22:12:02 GST" skipped="0">
  <testcase classname="Testcases.MyFirstTestFW" name="LoginTest" time="6.137"/>
</testsuite> <!-- Testcases.MyFirstTestFW -->
