<?xml version="1.0" encoding="UTF-8"?>
<!-- Generated by org.testng.reporters.JUnitReportReporter -->
<testsuite hostname="Napster313" failures="0" tests="1" name="Testcases.FilterTest" time="4.837" errors="0" timestamp="2025-04-08T19:59:36 GST" skipped="0">
  <testcase classname="Testcases.FilterTest" name="testfilter" time="4.837"/>
</testsuite> <!-- Testcases.FilterTest -->
